<?xml version="1.0" encoding="UTF-8"?>
<testng-results ignored="0" total="1" passed="0" failed="1" skipped="0">
  <reporter-output>
  </reporter-output>
  <suite started-at="2025-02-10T13:29:04 IST" name="Default suite" finished-at="2025-02-10T13:29:34 IST" duration-ms="29492">
    <groups>
    </groups>
    <test started-at="2025-02-10T13:29:04 IST" name="Default test" finished-at="2025-02-10T13:29:34 IST" duration-ms="29492">
      <class name="com.vtiger.organizationpage.TC_VT_001_Test">
        <test-method is-config="true" signature="configReport()[pri:0, instance:com.vtiger.organizationpage.TC_VT_001_Test@34123d65]" started-at="2025-02-10T13:29:04 IST" name="configReport" finished-at="2025-02-10T13:29:04 IST" duration-ms="577" status="PASS">
          <reporter-output>
          </reporter-output>
        </test-method> <!-- configReport -->
        <test-method is-config="true" signature="openBrowser(java.lang.String)[pri:0, instance:com.vtiger.organizationpage.TC_VT_001_Test@34123d65]" started-at="2025-02-10T13:29:04 IST" name="openBrowser" finished-at="2025-02-10T13:29:09 IST" duration-ms="4603" status="PASS">
          <params>
            <param index="0">
              <value>
                <![CDATA[chrome]]>
              </value>
            </param>
          </params>
          <reporter-output>
          </reporter-output>
        </test-method> <!-- openBrowser -->
        <test-method is-config="true" signature="login()[pri:0, instance:com.vtiger.organizationpage.TC_VT_001_Test@34123d65]" started-at="2025-02-10T13:29:09 IST" name="login" finished-at="2025-02-10T13:29:17 IST" duration-ms="7820" status="PASS">
          <reporter-output>
          </reporter-output>
        </test-method> <!-- login -->
        <test-method signature="clickonOrganization()[pri:0, instance:com.vtiger.organizationpage.TC_VT_001_Test@34123d65]" started-at="2025-02-10T13:29:17 IST" name="clickonOrganization" finished-at="2025-02-10T13:29:30 IST" duration-ms="13338" status="FAIL">
          <exception class="java.lang.NullPointerException">
            <message>
              <![CDATA[Cannot invoke "org.apache.poi.ss.usermodel.Row.getCell(int)" because the return value of "org.apache.poi.ss.usermodel.Sheet.getRow(int)" is null]]>
            </message>
            <full-stacktrace>
              <![CDATA[java.lang.NullPointerException: Cannot invoke "org.apache.poi.ss.usermodel.Row.getCell(int)" because the return value of "org.apache.poi.ss.usermodel.Sheet.getRow(int)" is null
at com.vtiger.genericutility.ExcelUtility.getStringDataFromExcel(ExcelUtility.java:27)
at com.vtiger.organizationpage.TC_VT_001_Test.clickonOrganization(TC_VT_001_Test.java:25)
at java.base/jdk.internal.reflect.DirectMethodHandleAccessor.invoke(DirectMethodHandleAccessor.java:103)
at java.base/java.lang.reflect.Method.invoke(Method.java:580)
at org.testng.internal.MethodInvocationHelper.invokeMethod(MethodInvocationHelper.java:133)
at org.testng.internal.TestInvoker.invokeMethod(TestInvoker.java:598)
at org.testng.internal.TestInvoker.invokeTestMethod(TestInvoker.java:173)
at org.testng.internal.MethodRunner.runInSequence(MethodRunner.java:46)
at org.testng.internal.TestInvoker$MethodInvocationAgent.invoke(TestInvoker.java:824)
at org.testng.internal.TestInvoker.invokeTestMethods(TestInvoker.java:146)
at org.testng.internal.TestMethodWorker.invokeTestMethods(TestMethodWorker.java:146)
at org.testng.internal.TestMethodWorker.run(TestMethodWorker.java:128)
at java.base/java.util.ArrayList.forEach(ArrayList.java:1597)
at org.testng.TestRunner.privateRun(TestRunner.java:794)
at org.testng.TestRunner.run(TestRunner.java:596)
at org.testng.SuiteRunner.runTest(SuiteRunner.java:377)
at org.testng.SuiteRunner.runSequentially(SuiteRunner.java:371)
at org.testng.SuiteRunner.privateRun(SuiteRunner.java:332)
at org.testng.SuiteRunner.run(SuiteRunner.java:276)
at org.testng.SuiteRunnerWorker.runSuite(SuiteRunnerWorker.java:53)
at org.testng.SuiteRunnerWorker.run(SuiteRunnerWorker.java:96)
at org.testng.TestNG.runSuitesSequentially(TestNG.java:1212)
at org.testng.TestNG.runSuitesLocally(TestNG.java:1134)
at org.testng.TestNG.runSuites(TestNG.java:1063)
at org.testng.TestNG.run(TestNG.java:1031)
at org.testng.remote.AbstractRemoteTestNG.run(AbstractRemoteTestNG.java:115)
at org.testng.remote.RemoteTestNG.initAndRun(RemoteTestNG.java:293)
at org.testng.remote.RemoteTestNG.main(RemoteTestNG.java:91)
]]>
            </full-stacktrace>
          </exception> <!-- java.lang.NullPointerException -->
          <reporter-output>
          </reporter-output>
        </test-method> <!-- clickonOrganization -->
        <test-method is-config="true" signature="logout()[pri:0, instance:com.vtiger.organizationpage.TC_VT_001_Test@34123d65]" started-at="2025-02-10T13:29:30 IST" name="logout" finished-at="2025-02-10T13:29:33 IST" duration-ms="2743" status="PASS">
          <reporter-output>
          </reporter-output>
        </test-method> <!-- logout -->
        <test-method is-config="true" signature="closebrowser()[pri:0, instance:com.vtiger.organizationpage.TC_VT_001_Test@34123d65]" started-at="2025-02-10T13:29:33 IST" name="closebrowser" finished-at="2025-02-10T13:29:34 IST" duration-ms="601" status="PASS">
          <reporter-output>
          </reporter-output>
        </test-method> <!-- closebrowser -->
        <test-method is-config="true" signature="reportBackup()[pri:0, instance:com.vtiger.organizationpage.TC_VT_001_Test@34123d65]" started-at="2025-02-10T13:29:34 IST" name="reportBackup" finished-at="2025-02-10T13:29:35 IST" duration-ms="678" status="PASS">
          <reporter-output>
          </reporter-output>
        </test-method> <!-- reportBackup -->
      </class> <!-- com.vtiger.organizationpage.TC_VT_001_Test -->
    </test> <!-- Default test -->
  </suite> <!-- Default suite -->
</testng-results>
